2024-06-26 15:36:06.860  INFO 13020 --- [main] org.monkey.demo.security.SecurityApp     : Starting SecurityApp using Java 1.8.0_411 on DESKTOP-7KKEQTD with PID 13020 (F:\code\cc-platform\security-demo\target\classes started by cc in F:\code\cc-platform)
2024-06-26 15:36:06.862  INFO 13020 --- [main] org.monkey.demo.security.SecurityApp     : No active profile set, falling back to 1 default profile: "default"
2024-06-26 15:36:07.815  INFO 13020 --- [main] o.s.b.w.embedded.tomcat.TomcatWebServer  : Tomcat initialized with port(s): 8080 (http)
2024-06-26 15:36:07.821  INFO 13020 --- [main] o.apache.catalina.core.StandardService   : Starting service [Tomcat]
2024-06-26 15:36:07.821  INFO 13020 --- [main] org.apache.catalina.core.StandardEngine  : Starting Servlet engine: [Apache Tomcat/9.0.60]
2024-06-26 15:36:07.917  INFO 13020 --- [main] o.a.c.c.C.[Tomcat].[localhost].[/]       : Initializing Spring embedded WebApplicationContext
2024-06-26 15:36:07.917  INFO 13020 --- [main] w.s.c.ServletWebServerApplicationContext : Root WebApplicationContext: initialization completed in 1028 ms
2024-06-26 15:36:08.297  WARN 13020 --- [main] .s.s.UserDetailsServiceAutoConfiguration : 

Using generated security password: 804f9838-1da2-4f90-95d2-e23a7a8fce5e

This generated password is for development use only. Your security configuration must be updated before running your application in production.

2024-06-26 15:36:08.439  INFO 13020 --- [main] o.s.s.web.DefaultSecurityFilterChain     : Will not secure any request
2024-06-26 15:36:08.487  INFO 13020 --- [main] o.s.b.w.embedded.tomcat.TomcatWebServer  : Tomcat started on port(s): 8080 (http) with context path ''
2024-06-26 15:36:08.615  INFO 13020 --- [main] org.monkey.demo.security.SecurityApp     : Started SecurityApp in 2.183 seconds (JVM running for 3.037)
2024-06-26 15:37:51.686  INFO 13020 --- [http-nio-8080-exec-1] o.a.c.c.C.[Tomcat].[localhost].[/]       : Initializing Spring DispatcherServlet 'dispatcherServlet'
2024-06-26 15:37:51.686  INFO 13020 --- [http-nio-8080-exec-1] o.s.web.servlet.DispatcherServlet        : Initializing Servlet 'dispatcherServlet'
2024-06-26 15:37:51.687  INFO 13020 --- [http-nio-8080-exec-1] o.s.web.servlet.DispatcherServlet        : Completed initialization in 1 ms
2024-06-26 15:38:36.052  INFO 16900 --- [main] org.monkey.demo.security.SecurityApp     : Starting SecurityApp using Java 1.8.0_411 on DESKTOP-7KKEQTD with PID 16900 (F:\code\cc-platform\security-demo\target\classes started by cc in F:\code\cc-platform)
2024-06-26 15:38:36.055  INFO 16900 --- [main] org.monkey.demo.security.SecurityApp     : No active profile set, falling back to 1 default profile: "default"
2024-06-26 15:38:36.963  INFO 16900 --- [main] o.s.b.w.embedded.tomcat.TomcatWebServer  : Tomcat initialized with port(s): 8080 (http)
2024-06-26 15:38:36.969  INFO 16900 --- [main] o.apache.catalina.core.StandardService   : Starting service [Tomcat]
2024-06-26 15:38:36.969  INFO 16900 --- [main] org.apache.catalina.core.StandardEngine  : Starting Servlet engine: [Apache Tomcat/9.0.60]
2024-06-26 15:38:37.069  INFO 16900 --- [main] o.a.c.c.C.[Tomcat].[localhost].[/]       : Initializing Spring embedded WebApplicationContext
2024-06-26 15:38:37.069  INFO 16900 --- [main] w.s.c.ServletWebServerApplicationContext : Root WebApplicationContext: initialization completed in 976 ms
2024-06-26 15:38:37.637  INFO 16900 --- [main] o.s.s.web.DefaultSecurityFilterChain     : Will not secure any request
2024-06-26 15:38:37.679  INFO 16900 --- [main] o.s.b.w.embedded.tomcat.TomcatWebServer  : Tomcat started on port(s): 8080 (http) with context path ''
2024-06-26 15:38:37.792  INFO 16900 --- [main] org.monkey.demo.security.SecurityApp     : Started SecurityApp in 2.048 seconds (JVM running for 2.429)
2024-06-26 15:38:52.991  INFO 16900 --- [http-nio-8080-exec-1] o.a.c.c.C.[Tomcat].[localhost].[/]       : Initializing Spring DispatcherServlet 'dispatcherServlet'
2024-06-26 15:38:52.991  INFO 16900 --- [http-nio-8080-exec-1] o.s.web.servlet.DispatcherServlet        : Initializing Servlet 'dispatcherServlet'
2024-06-26 15:38:52.992  INFO 16900 --- [http-nio-8080-exec-1] o.s.web.servlet.DispatcherServlet        : Completed initialization in 0 ms
